[14:57:19.937] Global cache location '/Users/xuyizhe/Library/Caches/typescript/4.0', safe file path '/users/xuyizhe/.nvm/versions/node/v12.19.0/lib/node_modules/typescript/lib/typingsafelist.json', types map path /users/xuyizhe/.nvm/versions/node/v12.19.0/lib/node_modules/typescript/lib/typesmap.json
[14:57:19.938] Processing cache location '/Users/xuyizhe/Library/Caches/typescript/4.0'
[14:57:19.938] Trying to find '/Users/xuyizhe/Library/Caches/typescript/4.0/package.json'...
[14:57:19.940] Loaded content of '/Users/xuyizhe/Library/Caches/typescript/4.0/package.json': {"private":true,"dependencies":{"types-registry":"^0.1.518"},"devDependencies":{"@types/chownr":"^1.0.0","@types/debug":"^4.1.5","@types/follow-redirects":"^1.13.0","@types/glob":"^7.1.3","@types/inherits":"0.0.30","@types/lodash.sortby":"^4.7.6","@types/minimatch":"^3.0.3","@types/minimist":"^1.2.1","@types/minipass":"^2.2.0","@types/mkdirp":"^1.0.1","@types/ms":"^0.7.31","@types/node":"^14.14.11","@types/once":"^1.4.0","@types/path-is-absolute":"^1.0.0","@types/rimraf":"^3.0.0","@types/ws":"^7.4.0"}}
[14:57:19.940] Loaded content of '/Users/xuyizhe/Library/Caches/typescript/4.0/package-lock.json'
[14:57:19.948] Adding entry into typings cache: 'chownr' => '/Users/xuyizhe/Library/Caches/typescript/4.0/node_modules/@types/chownr/index.d.ts'
[14:57:19.951] Adding entry into typings cache: 'debug' => '/Users/xuyizhe/Library/Caches/typescript/4.0/node_modules/@types/debug/index.d.ts'
[14:57:19.954] Adding entry into typings cache: 'follow-redirects' => '/Users/xuyizhe/Library/Caches/typescript/4.0/node_modules/@types/follow-redirects/index.d.ts'
[14:57:19.957] Adding entry into typings cache: 'glob' => '/Users/xuyizhe/Library/Caches/typescript/4.0/node_modules/@types/glob/index.d.ts'
[14:57:19.959] Adding entry into typings cache: 'inherits' => '/Users/xuyizhe/Library/Caches/typescript/4.0/node_modules/@types/inherits/index.d.ts'
[14:57:19.962] Adding entry into typings cache: 'lodash.sortby' => '/Users/xuyizhe/Library/Caches/typescript/4.0/node_modules/@types/lodash.sortby/index.d.ts'
[14:57:19.964] Adding entry into typings cache: 'minimatch' => '/Users/xuyizhe/Library/Caches/typescript/4.0/node_modules/@types/minimatch/index.d.ts'
[14:57:19.966] Adding entry into typings cache: 'minimist' => '/Users/xuyizhe/Library/Caches/typescript/4.0/node_modules/@types/minimist/index.d.ts'
[14:57:19.968] Adding entry into typings cache: 'minipass' => '/Users/xuyizhe/Library/Caches/typescript/4.0/node_modules/@types/minipass/index.d.ts'
[14:57:19.970] Adding entry into typings cache: 'mkdirp' => '/Users/xuyizhe/Library/Caches/typescript/4.0/node_modules/@types/mkdirp/index.d.ts'
[14:57:19.972] Adding entry into typings cache: 'ms' => '/Users/xuyizhe/Library/Caches/typescript/4.0/node_modules/@types/ms/index.d.ts'
[14:57:19.979] Adding entry into typings cache: 'node' => '/Users/xuyizhe/Library/Caches/typescript/4.0/node_modules/@types/node/index.d.ts'
[14:57:19.981] Adding entry into typings cache: 'once' => '/Users/xuyizhe/Library/Caches/typescript/4.0/node_modules/@types/once/index.d.ts'
[14:57:19.983] Adding entry into typings cache: 'path-is-absolute' => '/Users/xuyizhe/Library/Caches/typescript/4.0/node_modules/@types/path-is-absolute/index.d.ts'
[14:57:19.985] Adding entry into typings cache: 'rimraf' => '/Users/xuyizhe/Library/Caches/typescript/4.0/node_modules/@types/rimraf/index.d.ts'
[14:57:19.987] Adding entry into typings cache: 'ws' => '/Users/xuyizhe/Library/Caches/typescript/4.0/node_modules/@types/ws/index.d.ts'
[14:57:19.988] Finished processing cache location '/Users/xuyizhe/Library/Caches/typescript/4.0'
[14:57:19.988] Process id: 63016
[14:57:19.988] NPM location: /Users/xuyizhe/.nvm/versions/node/v12.19.0/bin/npm (explicit '--npmLocation' not  provided)
[14:57:19.988] validateDefaultNpmLocation: false
[14:57:19.988] Npm config file: /Users/xuyizhe/Library/Caches/typescript/4.0/package.json
[14:57:19.988] Updating types-registry npm package...
[14:57:19.988] Exec: /Users/xuyizhe/.nvm/versions/node/v12.19.0/bin/npm install --ignore-scripts types-registry@latest
[14:57:21.839]     Succeeded. stdout:
    + types-registry@0.1.518
    updated 1 package and audited 20 packages in 1.17s
found 0 vulnerabilities


[14:57:21.839] Updated types-registry npm package
[14:57:21.854] Got install request {"projectName":"/dev/null/inferredProject1*","fileNames":["/Users/xuyizhe/.nvm/versions/node/v12.19.0/lib/node_modules/typescript/lib/lib.d.ts","/Users/xuyizhe/.nvm/versions/node/v12.19.0/lib/node_modules/typescript/lib/lib.es5.d.ts","/Users/xuyizhe/.nvm/versions/node/v12.19.0/lib/node_modules/typescript/lib/lib.dom.d.ts","/Users/xuyizhe/.nvm/versions/node/v12.19.0/lib/node_modules/typescript/lib/lib.webworker.importscripts.d.ts","/Users/xuyizhe/.nvm/versions/node/v12.19.0/lib/node_modules/typescript/lib/lib.scripthost.d.ts","/Users/xuyizhe/dev/wasm-toolkit/wasm-example/rollup.config.js"],"compilerOptions":{"target":1,"jsx":1,"allowNonTsExtensions":true,"allowJs":true,"noEmitForJsFiles":true,"maxNodeModuleJsDepth":2},"typeAcquisition":{"enable":true,"include":[],"exclude":[]},"unresolvedImports":["@wasm-tool/rollup-plugin-rust","livereload","rollup-plugin-css-only","rollup-plugin-livereload"],"projectRootPath":"/Users/xuyizhe/dev/wasm-toolkit/wasm-example","kind":"discover"}
[14:57:21.869] Loaded safelist from types map file '/users/xuyizhe/.nvm/versions/node/v12.19.0/lib/node_modules/typescript/lib/typesmap.json'
[14:57:21.869] Explicitly included types: []
[14:57:21.870] Typing names in '/Users/xuyizhe/dev/wasm-toolkit/wasm-example/package.json' dependencies: ["@wasm-toolkit/wasm","sirv-cli","@rollup/plugin-commonjs","@rollup/plugin-node-resolve","@rollup/plugin-wasm","@wasm-tool/rollup-plugin-rust","rollup","rollup-plugin-css-only","rollup-plugin-livereload","rollup-plugin-svelte","rollup-plugin-terser","svelte"]
[14:57:21.872] Searching for typing names in /Users/xuyizhe/dev/wasm-toolkit/wasm-example/node_modules; all files: []
[14:57:21.872]     Found package names: []
[14:57:21.872] Inferred typings from unresolved imports: ["@wasm-tool/rollup-plugin-rust","livereload","rollup-plugin-css-only","rollup-plugin-livereload"]
[14:57:21.873] Result: {"cachedTypingPaths":[],"newTypingNames":["@wasm-toolkit/wasm","sirv-cli","@rollup/plugin-commonjs","@rollup/plugin-node-resolve","@rollup/plugin-wasm","@wasm-tool/rollup-plugin-rust","rollup","rollup-plugin-css-only","rollup-plugin-livereload","rollup-plugin-svelte","rollup-plugin-terser","svelte","livereload"],"filesToWatch":["/Users/xuyizhe/dev/wasm-toolkit/wasm-example/package.json","/Users/xuyizhe/dev/wasm-toolkit/wasm-example/bower_components","/Users/xuyizhe/dev/wasm-toolkit/wasm-example/node_modules"]}
[14:57:21.873] Finished typings discovery: {"cachedTypingPaths":[],"newTypingNames":["@wasm-toolkit/wasm","sirv-cli","@rollup/plugin-commonjs","@rollup/plugin-node-resolve","@rollup/plugin-wasm","@wasm-tool/rollup-plugin-rust","rollup","rollup-plugin-css-only","rollup-plugin-livereload","rollup-plugin-svelte","rollup-plugin-terser","svelte","livereload"],"filesToWatch":["/Users/xuyizhe/dev/wasm-toolkit/wasm-example/package.json","/Users/xuyizhe/dev/wasm-toolkit/wasm-example/bower_components","/Users/xuyizhe/dev/wasm-toolkit/wasm-example/node_modules"]}
[14:57:21.873] FileWatcher:: Added:: WatchInfo: /Users/xuyizhe/dev/wasm-toolkit/wasm-example/package.json
[14:57:21.874] DirectoryWatcher:: Added:: WatchInfo: /Users/xuyizhe/dev/wasm-toolkit/wasm-example/bower_components
[14:57:21.874] DirectoryWatcher:: Added:: WatchInfo: /Users/xuyizhe/dev/wasm-toolkit/wasm-example/node_modules
[14:57:21.878] Installing typings ["@wasm-toolkit/wasm","sirv-cli","@rollup/plugin-commonjs","@rollup/plugin-node-resolve","@rollup/plugin-wasm","@wasm-tool/rollup-plugin-rust","rollup","rollup-plugin-css-only","rollup-plugin-livereload","rollup-plugin-svelte","rollup-plugin-terser","svelte","livereload"]
[14:57:21.878] '@wasm-toolkit/wasm':: Entry for package 'wasm-toolkit__wasm' does not exist in local types registry - skipping...
[14:57:21.878] 'sirv-cli':: Entry for package 'sirv-cli' does not exist in local types registry - skipping...
[14:57:21.878] '@rollup/plugin-commonjs':: Entry for package 'rollup__plugin-commonjs' does not exist in local types registry - skipping...
[14:57:21.878] '@rollup/plugin-node-resolve':: Entry for package 'rollup__plugin-node-resolve' does not exist in local types registry - skipping...
[14:57:21.879] '@rollup/plugin-wasm':: Entry for package 'rollup__plugin-wasm' does not exist in local types registry - skipping...
[14:57:21.879] '@wasm-tool/rollup-plugin-rust':: Entry for package 'wasm-tool__rollup-plugin-rust' does not exist in local types registry - skipping...
[14:57:21.879] 'rollup':: Entry for package 'rollup' does not exist in local types registry - skipping...
[14:57:21.879] 'rollup-plugin-css-only':: Entry for package 'rollup-plugin-css-only' does not exist in local types registry - skipping...
[14:57:21.879] 'rollup-plugin-livereload':: Entry for package 'rollup-plugin-livereload' does not exist in local types registry - skipping...
[14:57:21.879] 'rollup-plugin-svelte':: Entry for package 'rollup-plugin-svelte' does not exist in local types registry - skipping...
[14:57:21.879] 'rollup-plugin-terser':: Entry for package 'rollup-plugin-terser' does not exist in local types registry - skipping...
[14:57:21.879] 'svelte':: Entry for package 'svelte' does not exist in local types registry - skipping...
[14:57:21.879] 'livereload':: Entry for package 'livereload' does not exist in local types registry - skipping...
[14:57:21.879] All typings are known to be missing or invalid - no need to install more typings
[14:57:21.880] Sending response:
    {"projectName":"/dev/null/inferredProject1*","typeAcquisition":{"enable":true,"include":[],"exclude":[]},"compilerOptions":{"target":1,"jsx":1,"allowNonTsExtensions":true,"allowJs":true,"noEmitForJsFiles":true,"maxNodeModuleJsDepth":2},"typings":[],"unresolvedImports":["@wasm-tool/rollup-plugin-rust","livereload","rollup-plugin-css-only","rollup-plugin-livereload"],"kind":"action::set"}
[14:57:21.880] Response has been sent.
[14:57:37.928] Got install request {"projectName":"/dev/null/inferredProject1*","fileNames":["/Users/xuyizhe/.nvm/versions/node/v12.19.0/lib/node_modules/typescript/lib/lib.d.ts","/Users/xuyizhe/.nvm/versions/node/v12.19.0/lib/node_modules/typescript/lib/lib.es5.d.ts","/Users/xuyizhe/.nvm/versions/node/v12.19.0/lib/node_modules/typescript/lib/lib.dom.d.ts","/Users/xuyizhe/.nvm/versions/node/v12.19.0/lib/node_modules/typescript/lib/lib.webworker.importscripts.d.ts","/Users/xuyizhe/.nvm/versions/node/v12.19.0/lib/node_modules/typescript/lib/lib.scripthost.d.ts","/Users/xuyizhe/dev/wasm-toolkit/wasm-example/rollup.config.js"],"compilerOptions":{"target":1,"jsx":1,"allowNonTsExtensions":true,"allowJs":true,"noEmitForJsFiles":true,"maxNodeModuleJsDepth":2},"typeAcquisition":{"enable":true,"include":[],"exclude":[]},"unresolvedImports":["@wasm-tool/rollup-plugin-rust","livereload","rollup-plugin-css-only","rollup-plugin-livereload"],"projectRootPath":"/Users/xuyizhe/dev/wasm-toolkit/wasm-example","kind":"discover"}
[14:57:37.929] Explicitly included types: []
[14:57:37.929] Typing names in '/Users/xuyizhe/dev/wasm-toolkit/wasm-example/package.json' dependencies: ["@wasm-toolkit/wasm","sirv-cli","@rollup/plugin-commonjs","@rollup/plugin-node-resolve","@rollup/plugin-wasm","@wasm-tool/rollup-plugin-rust","rollup","rollup-plugin-css-only","rollup-plugin-livereload","rollup-plugin-svelte","rollup-plugin-terser","svelte"]
[14:57:37.930] Searching for typing names in /Users/xuyizhe/dev/wasm-toolkit/wasm-example/node_modules; all files: []
[14:57:37.930]     Found package names: []
[14:57:37.930] Inferred typings from unresolved imports: ["@wasm-tool/rollup-plugin-rust","livereload","rollup-plugin-css-only","rollup-plugin-livereload"]
[14:57:37.930] Result: {"cachedTypingPaths":[],"newTypingNames":["@wasm-toolkit/wasm","sirv-cli","@rollup/plugin-commonjs","@rollup/plugin-node-resolve","@rollup/plugin-wasm","@wasm-tool/rollup-plugin-rust","rollup","rollup-plugin-css-only","rollup-plugin-livereload","rollup-plugin-svelte","rollup-plugin-terser","svelte","livereload"],"filesToWatch":["/Users/xuyizhe/dev/wasm-toolkit/wasm-example/package.json","/Users/xuyizhe/dev/wasm-toolkit/wasm-example/bower_components","/Users/xuyizhe/dev/wasm-toolkit/wasm-example/node_modules"]}
[14:57:37.930] Finished typings discovery: {"cachedTypingPaths":[],"newTypingNames":["@wasm-toolkit/wasm","sirv-cli","@rollup/plugin-commonjs","@rollup/plugin-node-resolve","@rollup/plugin-wasm","@wasm-tool/rollup-plugin-rust","rollup","rollup-plugin-css-only","rollup-plugin-livereload","rollup-plugin-svelte","rollup-plugin-terser","svelte","livereload"],"filesToWatch":["/Users/xuyizhe/dev/wasm-toolkit/wasm-example/package.json","/Users/xuyizhe/dev/wasm-toolkit/wasm-example/bower_components","/Users/xuyizhe/dev/wasm-toolkit/wasm-example/node_modules"]}
[14:57:37.931] Installing typings ["@wasm-toolkit/wasm","sirv-cli","@rollup/plugin-commonjs","@rollup/plugin-node-resolve","@rollup/plugin-wasm","@wasm-tool/rollup-plugin-rust","rollup","rollup-plugin-css-only","rollup-plugin-livereload","rollup-plugin-svelte","rollup-plugin-terser","svelte","livereload"]
[14:57:37.931] '@wasm-toolkit/wasm':: Entry for package 'wasm-toolkit__wasm' does not exist in local types registry - skipping...
[14:57:37.931] 'sirv-cli':: Entry for package 'sirv-cli' does not exist in local types registry - skipping...
[14:57:37.931] '@rollup/plugin-commonjs':: Entry for package 'rollup__plugin-commonjs' does not exist in local types registry - skipping...
[14:57:37.931] '@rollup/plugin-node-resolve':: Entry for package 'rollup__plugin-node-resolve' does not exist in local types registry - skipping...
[14:57:37.931] '@rollup/plugin-wasm':: Entry for package 'rollup__plugin-wasm' does not exist in local types registry - skipping...
[14:57:37.931] '@wasm-tool/rollup-plugin-rust':: Entry for package 'wasm-tool__rollup-plugin-rust' does not exist in local types registry - skipping...
[14:57:37.931] 'rollup':: Entry for package 'rollup' does not exist in local types registry - skipping...
[14:57:37.931] 'rollup-plugin-css-only':: Entry for package 'rollup-plugin-css-only' does not exist in local types registry - skipping...
[14:57:37.932] 'rollup-plugin-livereload':: Entry for package 'rollup-plugin-livereload' does not exist in local types registry - skipping...
[14:57:37.932] 'rollup-plugin-svelte':: Entry for package 'rollup-plugin-svelte' does not exist in local types registry - skipping...
[14:57:37.932] 'rollup-plugin-terser':: Entry for package 'rollup-plugin-terser' does not exist in local types registry - skipping...
[14:57:37.932] 'svelte':: Entry for package 'svelte' does not exist in local types registry - skipping...
[14:57:37.932] 'livereload':: Entry for package 'livereload' does not exist in local types registry - skipping...
[14:57:37.932] All typings are known to be missing or invalid - no need to install more typings
[14:57:37.932] Sending response:
    {"projectName":"/dev/null/inferredProject1*","typeAcquisition":{"enable":true,"include":[],"exclude":[]},"compilerOptions":{"target":1,"jsx":1,"allowNonTsExtensions":true,"allowJs":true,"noEmitForJsFiles":true,"maxNodeModuleJsDepth":2},"typings":[],"unresolvedImports":["@wasm-tool/rollup-plugin-rust","livereload","rollup-plugin-css-only","rollup-plugin-livereload"],"kind":"action::set"}
[14:57:37.932] Response has been sent.
[14:57:43.334] Got install request {"projectName":"/dev/null/inferredProject2*","fileNames":["/Users/xuyizhe/.nvm/versions/node/v12.19.0/lib/node_modules/typescript/lib/lib.d.ts","/Users/xuyizhe/.nvm/versions/node/v12.19.0/lib/node_modules/typescript/lib/lib.es5.d.ts","/Users/xuyizhe/.nvm/versions/node/v12.19.0/lib/node_modules/typescript/lib/lib.dom.d.ts","/Users/xuyizhe/.nvm/versions/node/v12.19.0/lib/node_modules/typescript/lib/lib.webworker.importscripts.d.ts","/Users/xuyizhe/.nvm/versions/node/v12.19.0/lib/node_modules/typescript/lib/lib.scripthost.d.ts","/Users/xuyizhe/dev/wasm-toolkit/wasm-example/src/main.js"],"compilerOptions":{"target":1,"jsx":1,"allowNonTsExtensions":true,"allowJs":true,"noEmitForJsFiles":true,"maxNodeModuleJsDepth":2},"typeAcquisition":{"enable":true,"include":[],"exclude":[]},"unresolvedImports":[],"projectRootPath":"/Users/xuyizhe/dev/wasm-toolkit/wasm-example/src","kind":"discover"}
[14:57:43.335] Explicitly included types: []
[14:57:43.335] Inferred typings from unresolved imports: []
[14:57:43.336] Result: {"cachedTypingPaths":[],"newTypingNames":[],"filesToWatch":["/Users/xuyizhe/dev/wasm-toolkit/wasm-example/src/bower_components","/Users/xuyizhe/dev/wasm-toolkit/wasm-example/src/node_modules"]}
[14:57:43.336] Finished typings discovery: {"cachedTypingPaths":[],"newTypingNames":[],"filesToWatch":["/Users/xuyizhe/dev/wasm-toolkit/wasm-example/src/bower_components","/Users/xuyizhe/dev/wasm-toolkit/wasm-example/src/node_modules"]}
[14:57:43.336] DirectoryWatcher:: Added:: WatchInfo: /Users/xuyizhe/dev/wasm-toolkit/wasm-example/src/bower_components
[14:57:43.336] DirectoryWatcher:: Added:: WatchInfo: /Users/xuyizhe/dev/wasm-toolkit/wasm-example/src/node_modules
[14:57:43.337] Sending response:
    {"projectName":"/dev/null/inferredProject2*","typeAcquisition":{"enable":true,"include":[],"exclude":[]},"compilerOptions":{"target":1,"jsx":1,"allowNonTsExtensions":true,"allowJs":true,"noEmitForJsFiles":true,"maxNodeModuleJsDepth":2},"typings":[],"unresolvedImports":[],"kind":"action::set"}
[14:57:43.337] Response has been sent.
[14:57:43.337] No new typings were requested as a result of typings discovery
[14:57:53.936] Got install request {"projectName":"/dev/null/inferredProject2*","fileNames":["/Users/xuyizhe/.nvm/versions/node/v12.19.0/lib/node_modules/typescript/lib/lib.d.ts","/Users/xuyizhe/.nvm/versions/node/v12.19.0/lib/node_modules/typescript/lib/lib.es5.d.ts","/Users/xuyizhe/.nvm/versions/node/v12.19.0/lib/node_modules/typescript/lib/lib.dom.d.ts","/Users/xuyizhe/.nvm/versions/node/v12.19.0/lib/node_modules/typescript/lib/lib.webworker.importscripts.d.ts","/Users/xuyizhe/.nvm/versions/node/v12.19.0/lib/node_modules/typescript/lib/lib.scripthost.d.ts","/Users/xuyizhe/dev/wasm-toolkit/wasm-example/src/main.js"],"compilerOptions":{"target":1,"jsx":1,"allowNonTsExtensions":true,"allowJs":true,"noEmitForJsFiles":true,"maxNodeModuleJsDepth":2},"typeAcquisition":{"enable":true,"include":[],"exclude":[]},"unresolvedImports":["@"],"projectRootPath":"/Users/xuyizhe/dev/wasm-toolkit/wasm-example/src","kind":"discover"}
[14:57:53.936] Explicitly included types: []
[14:57:53.937] Inferred typings from unresolved imports: ["@"]
[14:57:53.937] Result: {"cachedTypingPaths":[],"newTypingNames":["@"],"filesToWatch":["/Users/xuyizhe/dev/wasm-toolkit/wasm-example/src/bower_components","/Users/xuyizhe/dev/wasm-toolkit/wasm-example/src/node_modules"]}
[14:57:53.937] Finished typings discovery: {"cachedTypingPaths":[],"newTypingNames":["@"],"filesToWatch":["/Users/xuyizhe/dev/wasm-toolkit/wasm-example/src/bower_components","/Users/xuyizhe/dev/wasm-toolkit/wasm-example/src/node_modules"]}
[14:57:53.937] Installing typings ["@"]
[14:57:53.938] '@':: Package name '@' contains non URI safe characters
[14:57:53.938] All typings are known to be missing or invalid - no need to install more typings
[14:57:53.938] Sending response:
    {"projectName":"/dev/null/inferredProject2*","typeAcquisition":{"enable":true,"include":[],"exclude":[]},"compilerOptions":{"target":1,"jsx":1,"allowNonTsExtensions":true,"allowJs":true,"noEmitForJsFiles":true,"maxNodeModuleJsDepth":2},"typings":[],"unresolvedImports":["@"],"kind":"action::set"}
[14:57:53.938] Response has been sent.
[14:57:58.339] Got install request {"projectName":"/dev/null/inferredProject2*","fileNames":["/Users/xuyizhe/.nvm/versions/node/v12.19.0/lib/node_modules/typescript/lib/lib.d.ts","/Users/xuyizhe/.nvm/versions/node/v12.19.0/lib/node_modules/typescript/lib/lib.es5.d.ts","/Users/xuyizhe/.nvm/versions/node/v12.19.0/lib/node_modules/typescript/lib/lib.dom.d.ts","/Users/xuyizhe/.nvm/versions/node/v12.19.0/lib/node_modules/typescript/lib/lib.webworker.importscripts.d.ts","/Users/xuyizhe/.nvm/versions/node/v12.19.0/lib/node_modules/typescript/lib/lib.scripthost.d.ts","/Users/xuyizhe/dev/wasm-toolkit/wasm-example/src/main.js"],"compilerOptions":{"target":1,"jsx":1,"allowNonTsExtensions":true,"allowJs":true,"noEmitForJsFiles":true,"maxNodeModuleJsDepth":2},"typeAcquisition":{"enable":true,"include":[],"exclude":[]},"unresolvedImports":["@wasm-toolkit/wasm"],"projectRootPath":"/Users/xuyizhe/dev/wasm-toolkit/wasm-example/src","kind":"discover"}
[14:57:58.339] Explicitly included types: []
[14:57:58.340] Inferred typings from unresolved imports: ["@wasm-toolkit/wasm"]
[14:57:58.340] Result: {"cachedTypingPaths":[],"newTypingNames":["@wasm-toolkit/wasm"],"filesToWatch":["/Users/xuyizhe/dev/wasm-toolkit/wasm-example/src/bower_components","/Users/xuyizhe/dev/wasm-toolkit/wasm-example/src/node_modules"]}
[14:57:58.340] Finished typings discovery: {"cachedTypingPaths":[],"newTypingNames":["@wasm-toolkit/wasm"],"filesToWatch":["/Users/xuyizhe/dev/wasm-toolkit/wasm-example/src/bower_components","/Users/xuyizhe/dev/wasm-toolkit/wasm-example/src/node_modules"]}
[14:57:58.340] Installing typings ["@wasm-toolkit/wasm"]
[14:57:58.341] '@wasm-toolkit/wasm':: Entry for package 'wasm-toolkit__wasm' does not exist in local types registry - skipping...
[14:57:58.341] All typings are known to be missing or invalid - no need to install more typings
[14:57:58.341] Sending response:
    {"projectName":"/dev/null/inferredProject2*","typeAcquisition":{"enable":true,"include":[],"exclude":[]},"compilerOptions":{"target":1,"jsx":1,"allowNonTsExtensions":true,"allowJs":true,"noEmitForJsFiles":true,"maxNodeModuleJsDepth":2},"typings":[],"unresolvedImports":["@wasm-toolkit/wasm"],"kind":"action::set"}
[14:57:58.341] Response has been sent.
